This file contains any messages produced by compilers while
running configure, to aid debugging if configure makes a mistake.

It was created by agedu configure r9723, which was
generated by GNU Autoconf 2.61.  Invocation command line was

  $ ./configure --prefix=/usr

## --------- ##
## Platform. ##
## --------- ##

hostname = sfu-desktop100
uname -m = x86_64
uname -r = 3.6.10-1-ARCH
uname -s = Linux
uname -v = #1 SMP PREEMPT Tue Dec 11 09:40:17 CET 2012

/usr/bin/uname -p = unknown
/bin/uname -X     = unknown

/bin/arch              = unknown
/usr/bin/arch -k       = unknown
/usr/convex/getsysinfo = unknown
/usr/bin/hostinfo      = unknown
/bin/machine           = unknown
/usr/bin/oslevel       = unknown
/bin/universe          = unknown

PATH: /usr/local/bin
PATH: /usr/bin
PATH: /bin
PATH: /usr/local/sbin
PATH: /usr/sbin
PATH: /sbin
PATH: /opt/android-sdk/platform-tools
PATH: /opt/android-sdk/tools
PATH: /usr/bin/core_perl


## ----------- ##
## Core tests. ##
## ----------- ##

configure:1780: checking for a BSD-compatible install
configure:1836: result: /usr/bin/install -c
configure:1847: checking whether build environment is sane
configure:1890: result: yes
configure:1955: checking for gawk
configure:1971: found /usr/bin/gawk
configure:1982: result: gawk
configure:1993: checking whether make sets $(MAKE)
configure:2014: result: yes
configure:2248: checking for gcc
configure:2264: found /usr/bin/gcc
configure:2275: result: gcc
configure:2513: checking for C compiler version
configure:2520: gcc --version >&5
gcc (GCC) 4.7.2
Copyright (C) 2012 Free Software Foundation, Inc.
This is free software; see the source for copying conditions.  There is NO
warranty; not even for MERCHANTABILITY or FITNESS FOR A PARTICULAR PURPOSE.

configure:2523: $? = 0
configure:2530: gcc -v >&5
Using built-in specs.
COLLECT_GCC=gcc
COLLECT_LTO_WRAPPER=/usr/lib/gcc/x86_64-unknown-linux-gnu/4.7.2/lto-wrapper
Target: x86_64-unknown-linux-gnu
Configured with: /build/src/gcc-4.7.2/configure --prefix=/usr --libdir=/usr/lib --libexecdir=/usr/lib --mandir=/usr/share/man --infodir=/usr/share/info --with-bugurl=https://bugs.archlinux.org/ --enable-languages=c,c++,ada,fortran,go,lto,objc,obj-c++ --enable-shared --enable-threads=posix --with-system-zlib --enable-__cxa_atexit --disable-libunwind-exceptions --enable-clocale=gnu --disable-libstdcxx-pch --enable-libstdcxx-time --enable-gnu-unique-object --enable-linker-build-id --with-ppl --enable-cloog-backend=isl --disable-ppl-version-check --disable-cloog-version-check --enable-lto --enable-gold --enable-ld=default --enable-plugin --with-plugin-ld=ld.gold --with-linker-hash-style=gnu --enable-multilib --disable-libssp --disable-build-with-cxx --disable-build-poststage1-with-cxx --enable-checking=release
Thread model: posix
gcc version 4.7.2 (GCC) 
configure:2533: $? = 0
configure:2540: gcc -V >&5
gcc: error: unrecognized command line option '-V'
gcc: fatal error: no input files
compilation terminated.
configure:2543: $? = 1
configure:2566: checking for C compiler default output file name
configure:2593: gcc    conftest.c  >&5
configure:2596: $? = 0
configure:2634: result: a.out
configure:2651: checking whether the C compiler works
configure:2661: ./a.out
configure:2664: $? = 0
configure:2681: result: yes
configure:2688: checking whether we are cross compiling
configure:2690: result: no
configure:2693: checking for suffix of executables
configure:2700: gcc -o conftest    conftest.c  >&5
configure:2703: $? = 0
configure:2727: result: 
configure:2733: checking for suffix of object files
configure:2759: gcc -c   conftest.c >&5
configure:2762: $? = 0
configure:2785: result: o
configure:2789: checking whether we are using the GNU C compiler
configure:2818: gcc -c   conftest.c >&5
configure:2824: $? = 0
configure:2841: result: yes
configure:2846: checking whether gcc accepts -g
configure:2876: gcc -c -g  conftest.c >&5
configure:2882: $? = 0
configure:2981: result: yes
configure:2998: checking for gcc option to accept ISO C89
configure:3072: gcc  -c -g -O2  conftest.c >&5
configure:3078: $? = 0
configure:3101: result: none needed
configure:3130: checking for style of include used by make
configure:3158: result: GNU
configure:3186: checking dependency style of gcc
configure:3276: result: gcc3
configure:3293: checking for gcc option to accept ISO C99
configure:3452: gcc  -c -g -O2  conftest.c >&5
conftest.c:60:29: error: expected ';', ',' or ')' before 'text'
conftest.c: In function 'main':
conftest.c:114:18: error: expected '=', ',', ';', 'asm' or '__attribute__' before 'newvar'
conftest.c:114:18: error: 'newvar' undeclared (first use in this function)
conftest.c:114:18: note: each undeclared identifier is reported only once for each function it appears in
conftest.c:124:3: error: 'for' loop initial declarations are only allowed in C99 mode
conftest.c:124:3: note: use option -std=c99 or -std=gnu99 to compile your code
configure:3458: $? = 1
configure: failed program was:
| /* confdefs.h.  */
| #define PACKAGE_NAME "agedu"
| #define PACKAGE_TARNAME "agedu"
| #define PACKAGE_VERSION "r9723"
| #define PACKAGE_STRING "agedu r9723"
| #define PACKAGE_BUGREPORT "anakin@pobox.com"
| #define PACKAGE "agedu"
| #define VERSION "r9723"
| /* end confdefs.h.  */
| #include <stdarg.h>
| #include <stdbool.h>
| #include <stdlib.h>
| #include <wchar.h>
| #include <stdio.h>
| 
| // Check varargs macros.  These examples are taken from C99 6.10.3.5.
| #define debug(...) fprintf (stderr, __VA_ARGS__)
| #define showlist(...) puts (#__VA_ARGS__)
| #define report(test,...) ((test) ? puts (#test) : printf (__VA_ARGS__))
| static void
| test_varargs_macros (void)
| {
|   int x = 1234;
|   int y = 5678;
|   debug ("Flag");
|   debug ("X = %d\n", x);
|   showlist (The first, second, and third items.);
|   report (x>y, "x is %d but y is %d", x, y);
| }
| 
| // Check long long types.
| #define BIG64 18446744073709551615ull
| #define BIG32 4294967295ul
| #define BIG_OK (BIG64 / BIG32 == 4294967297ull && BIG64 % BIG32 == 0)
| #if !BIG_OK
|   your preprocessor is broken;
| #endif
| #if BIG_OK
| #else
|   your preprocessor is broken;
| #endif
| static long long int bignum = -9223372036854775807LL;
| static unsigned long long int ubignum = BIG64;
| 
| struct incomplete_array
| {
|   int datasize;
|   double data[];
| };
| 
| struct named_init {
|   int number;
|   const wchar_t *name;
|   double average;
| };
| 
| typedef const char *ccp;
| 
| static inline int
| test_restrict (ccp restrict text)
| {
|   // See if C++-style comments work.
|   // Iterate through items via the restricted pointer.
|   // Also check for declarations in for loops.
|   for (unsigned int i = 0; *(text+i) != '\0'; ++i)
|     continue;
|   return 0;
| }
| 
| // Check varargs and va_copy.
| static void
| test_varargs (const char *format, ...)
| {
|   va_list args;
|   va_start (args, format);
|   va_list args_copy;
|   va_copy (args_copy, args);
| 
|   const char *str;
|   int number;
|   float fnumber;
| 
|   while (*format)
|     {
|       switch (*format++)
| 	{
| 	case 's': // string
| 	  str = va_arg (args_copy, const char *);
| 	  break;
| 	case 'd': // int
| 	  number = va_arg (args_copy, int);
| 	  break;
| 	case 'f': // float
| 	  fnumber = va_arg (args_copy, double);
| 	  break;
| 	default:
| 	  break;
| 	}
|     }
|   va_end (args_copy);
|   va_end (args);
| }
| 
| int
| main ()
| {
| 
|   // Check bool.
|   _Bool success = false;
| 
|   // Check restrict.
|   if (test_restrict ("String literal") == 0)
|     success = true;
|   char *restrict newvar = "Another string";
| 
|   // Check varargs.
|   test_varargs ("s, d' f .", "string", 65, 34.234);
|   test_varargs_macros ();
| 
|   // Check flexible array members.
|   struct incomplete_array *ia =
|     malloc (sizeof (struct incomplete_array) + (sizeof (double) * 10));
|   ia->datasize = 10;
|   for (int i = 0; i < ia->datasize; ++i)
|     ia->data[i] = i * 1.234;
| 
|   // Check named initializers.
|   struct named_init ni = {
|     .number = 34,
|     .name = L"Test wide string",
|     .average = 543.34343,
|   };
| 
|   ni.number = 58;
| 
|   int dynamic_array[ni.number];
|   dynamic_array[ni.number - 1] = 543;
| 
|   // work around unused variable warnings
|   return (!success || bignum == 0LL || ubignum == 0uLL || newvar[0] == 'x'
| 	  || dynamic_array[ni.number - 1] != 543);
| 
|   ;
|   return 0;
| }
configure:3452: gcc -std=gnu99 -c -g -O2  conftest.c >&5
configure:3458: $? = 0
configure:3488: result: -std=gnu99
configure:3507: checking for a BSD-compatible install
configure:3563: result: /usr/bin/install -c
configure:3576: checking for halibut
configure:3604: result: no
configure:3635: checking for dirent.h that defines DIR
configure:3664: gcc -std=gnu99 -c -g -O2  conftest.c >&5
configure:3670: $? = 0
configure:3686: result: yes
configure:3699: checking for library containing opendir
configure:3740: gcc -std=gnu99 -o conftest -g -O2   conftest.c  >&5
configure:3746: $? = 0
configure:3774: result: none required
configure:3873: checking how to run the C preprocessor
configure:3913: gcc -std=gnu99 -E  conftest.c
configure:3919: $? = 0
configure:3950: gcc -std=gnu99 -E  conftest.c
conftest.c:11:28: fatal error: ac_nonexistent.h: No such file or directory
compilation terminated.
configure:3956: $? = 1
configure: failed program was:
| /* confdefs.h.  */
| #define PACKAGE_NAME "agedu"
| #define PACKAGE_TARNAME "agedu"
| #define PACKAGE_VERSION "r9723"
| #define PACKAGE_STRING "agedu r9723"
| #define PACKAGE_BUGREPORT "anakin@pobox.com"
| #define PACKAGE "agedu"
| #define VERSION "r9723"
| #define HAVE_DIRENT_H 1
| /* end confdefs.h.  */
| #include <ac_nonexistent.h>
configure:3989: result: gcc -std=gnu99 -E
configure:4018: gcc -std=gnu99 -E  conftest.c
configure:4024: $? = 0
configure:4055: gcc -std=gnu99 -E  conftest.c
conftest.c:11:28: fatal error: ac_nonexistent.h: No such file or directory
compilation terminated.
configure:4061: $? = 1
configure: failed program was:
| /* confdefs.h.  */
| #define PACKAGE_NAME "agedu"
| #define PACKAGE_TARNAME "agedu"
| #define PACKAGE_VERSION "r9723"
| #define PACKAGE_STRING "agedu r9723"
| #define PACKAGE_BUGREPORT "anakin@pobox.com"
| #define PACKAGE "agedu"
| #define VERSION "r9723"
| #define HAVE_DIRENT_H 1
| /* end confdefs.h.  */
| #include <ac_nonexistent.h>
configure:4099: checking for grep that handles long lines and -e
configure:4173: result: /usr/bin/grep
configure:4178: checking for egrep
configure:4256: result: /usr/bin/grep -E
configure:4261: checking for ANSI C header files
configure:4291: gcc -std=gnu99 -c -g -O2  conftest.c >&5
configure:4297: $? = 0
configure:4396: gcc -std=gnu99 -o conftest -g -O2   conftest.c  >&5
configure:4399: $? = 0
configure:4405: ./conftest
configure:4408: $? = 0
configure:4425: result: yes
configure:4435: checking for sys/wait.h that is POSIX.1 compatible
configure:4471: gcc -std=gnu99 -c -g -O2  conftest.c >&5
configure:4477: $? = 0
configure:4492: result: yes
configure:4516: checking for sys/types.h
configure:4537: gcc -std=gnu99 -c -g -O2  conftest.c >&5
configure:4543: $? = 0
configure:4559: result: yes
configure:4516: checking for sys/stat.h
configure:4537: gcc -std=gnu99 -c -g -O2  conftest.c >&5
configure:4543: $? = 0
configure:4559: result: yes
configure:4516: checking for stdlib.h
configure:4537: gcc -std=gnu99 -c -g -O2  conftest.c >&5
configure:4543: $? = 0
configure:4559: result: yes
configure:4516: checking for string.h
configure:4537: gcc -std=gnu99 -c -g -O2  conftest.c >&5
configure:4543: $? = 0
configure:4559: result: yes
configure:4516: checking for memory.h
configure:4537: gcc -std=gnu99 -c -g -O2  conftest.c >&5
configure:4543: $? = 0
configure:4559: result: yes
configure:4516: checking for strings.h
configure:4537: gcc -std=gnu99 -c -g -O2  conftest.c >&5
configure:4543: $? = 0
configure:4559: result: yes
configure:4516: checking for inttypes.h
configure:4537: gcc -std=gnu99 -c -g -O2  conftest.c >&5
configure:4543: $? = 0
configure:4559: result: yes
configure:4516: checking for stdint.h
configure:4537: gcc -std=gnu99 -c -g -O2  conftest.c >&5
configure:4543: $? = 0
configure:4559: result: yes
configure:4516: checking for unistd.h
configure:4537: gcc -std=gnu99 -c -g -O2  conftest.c >&5
configure:4543: $? = 0
configure:4559: result: yes
configure:4609: checking assert.h usability
configure:4626: gcc -std=gnu99 -c -g -O2  conftest.c >&5
configure:4632: $? = 0
configure:4646: result: yes
configure:4650: checking assert.h presence
configure:4665: gcc -std=gnu99 -E  conftest.c
configure:4671: $? = 0
configure:4685: result: yes
configure:4718: checking for assert.h
configure:4726: result: yes
configure:4609: checking arpa/inet.h usability
configure:4626: gcc -std=gnu99 -c -g -O2  conftest.c >&5
configure:4632: $? = 0
configure:4646: result: yes
configure:4650: checking arpa/inet.h presence
configure:4665: gcc -std=gnu99 -E  conftest.c
configure:4671: $? = 0
configure:4685: result: yes
configure:4718: checking for arpa/inet.h
configure:4726: result: yes
configure:4609: checking ctype.h usability
configure:4626: gcc -std=gnu99 -c -g -O2  conftest.c >&5
configure:4632: $? = 0
configure:4646: result: yes
configure:4650: checking ctype.h presence
configure:4665: gcc -std=gnu99 -E  conftest.c
configure:4671: $? = 0
configure:4685: result: yes
configure:4718: checking for ctype.h
configure:4726: result: yes
configure:4609: checking errno.h usability
configure:4626: gcc -std=gnu99 -c -g -O2  conftest.c >&5
configure:4632: $? = 0
configure:4646: result: yes
configure:4650: checking errno.h presence
configure:4665: gcc -std=gnu99 -E  conftest.c
configure:4671: $? = 0
configure:4685: result: yes
configure:4718: checking for errno.h
configure:4726: result: yes
configure:4609: checking fcntl.h usability
configure:4626: gcc -std=gnu99 -c -g -O2  conftest.c >&5
configure:4632: $? = 0
configure:4646: result: yes
configure:4650: checking fcntl.h presence
configure:4665: gcc -std=gnu99 -E  conftest.c
configure:4671: $? = 0
configure:4685: result: yes
configure:4718: checking for fcntl.h
configure:4726: result: yes
configure:4609: checking features.h usability
configure:4626: gcc -std=gnu99 -c -g -O2  conftest.c >&5
configure:4632: $? = 0
configure:4646: result: yes
configure:4650: checking features.h presence
configure:4665: gcc -std=gnu99 -E  conftest.c
configure:4671: $? = 0
configure:4685: result: yes
configure:4718: checking for features.h
configure:4726: result: yes
configure:4609: checking fnmatch.h usability
configure:4626: gcc -std=gnu99 -c -g -O2  conftest.c >&5
configure:4632: $? = 0
configure:4646: result: yes
configure:4650: checking fnmatch.h presence
configure:4665: gcc -std=gnu99 -E  conftest.c
configure:4671: $? = 0
configure:4685: result: yes
configure:4718: checking for fnmatch.h
configure:4726: result: yes
configure:4609: checking limits.h usability
configure:4626: gcc -std=gnu99 -c -g -O2  conftest.c >&5
configure:4632: $? = 0
configure:4646: result: yes
configure:4650: checking limits.h presence
configure:4665: gcc -std=gnu99 -E  conftest.c
configure:4671: $? = 0
configure:4685: result: yes
configure:4718: checking for limits.h
configure:4726: result: yes
configure:4609: checking netdb.h usability
configure:4626: gcc -std=gnu99 -c -g -O2  conftest.c >&5
configure:4632: $? = 0
configure:4646: result: yes
configure:4650: checking netdb.h presence
configure:4665: gcc -std=gnu99 -E  conftest.c
configure:4671: $? = 0
configure:4685: result: yes
configure:4718: checking for netdb.h
configure:4726: result: yes
configure:4609: checking netinet/in.h usability
configure:4626: gcc -std=gnu99 -c -g -O2  conftest.c >&5
configure:4632: $? = 0
configure:4646: result: yes
configure:4650: checking netinet/in.h presence
configure:4665: gcc -std=gnu99 -E  conftest.c
configure:4671: $? = 0
configure:4685: result: yes
configure:4718: checking for netinet/in.h
configure:4726: result: yes
configure:4609: checking pwd.h usability
configure:4626: gcc -std=gnu99 -c -g -O2  conftest.c >&5
configure:4632: $? = 0
configure:4646: result: yes
configure:4650: checking pwd.h presence
configure:4665: gcc -std=gnu99 -E  conftest.c
configure:4671: $? = 0
configure:4685: result: yes
configure:4718: checking for pwd.h
configure:4726: result: yes
configure:4609: checking stdarg.h usability
configure:4626: gcc -std=gnu99 -c -g -O2  conftest.c >&5
configure:4632: $? = 0
configure:4646: result: yes
configure:4650: checking stdarg.h presence
configure:4665: gcc -std=gnu99 -E  conftest.c
configure:4671: $? = 0
configure:4685: result: yes
configure:4718: checking for stdarg.h
configure:4726: result: yes
configure:4609: checking stddef.h usability
configure:4626: gcc -std=gnu99 -c -g -O2  conftest.c >&5
configure:4632: $? = 0
configure:4646: result: yes
configure:4650: checking stddef.h presence
configure:4665: gcc -std=gnu99 -E  conftest.c
configure:4671: $? = 0
configure:4685: result: yes
configure:4718: checking for stddef.h
configure:4726: result: yes
configure:4599: checking for stdint.h
configure:4605: result: yes
configure:4609: checking stdio.h usability
configure:4626: gcc -std=gnu99 -c -g -O2  conftest.c >&5
configure:4632: $? = 0
configure:4646: result: yes
configure:4650: checking stdio.h presence
configure:4665: gcc -std=gnu99 -E  conftest.c
configure:4671: $? = 0
configure:4685: result: yes
configure:4718: checking for stdio.h
configure:4726: result: yes
configure:4599: checking for stdlib.h
configure:4605: result: yes
configure:4599: checking for string.h
configure:4605: result: yes
configure:4609: checking sys/ioctl.h usability
configure:4626: gcc -std=gnu99 -c -g -O2  conftest.c >&5
configure:4632: $? = 0
configure:4646: result: yes
configure:4650: checking sys/ioctl.h presence
configure:4665: gcc -std=gnu99 -E  conftest.c
configure:4671: $? = 0
configure:4685: result: yes
configure:4718: checking for sys/ioctl.h
configure:4726: result: yes
configure:4609: checking sys/mman.h usability
configure:4626: gcc -std=gnu99 -c -g -O2  conftest.c >&5
configure:4632: $? = 0
configure:4646: result: yes
configure:4650: checking sys/mman.h presence
configure:4665: gcc -std=gnu99 -E  conftest.c
configure:4671: $? = 0
configure:4685: result: yes
configure:4718: checking for sys/mman.h
configure:4726: result: yes
configure:4609: checking sys/socket.h usability
configure:4626: gcc -std=gnu99 -c -g -O2  conftest.c >&5
configure:4632: $? = 0
configure:4646: result: yes
configure:4650: checking sys/socket.h presence
configure:4665: gcc -std=gnu99 -E  conftest.c
configure:4671: $? = 0
configure:4685: result: yes
configure:4718: checking for sys/socket.h
configure:4726: result: yes
configure:4609: checking syslog.h usability
configure:4626: gcc -std=gnu99 -c -g -O2  conftest.c >&5
configure:4632: $? = 0
configure:4646: result: yes
configure:4650: checking syslog.h presence
configure:4665: gcc -std=gnu99 -E  conftest.c
configure:4671: $? = 0
configure:4685: result: yes
configure:4718: checking for syslog.h
configure:4726: result: yes
configure:4609: checking termios.h usability
configure:4626: gcc -std=gnu99 -c -g -O2  conftest.c >&5
configure:4632: $? = 0
configure:4646: result: yes
configure:4650: checking termios.h presence
configure:4665: gcc -std=gnu99 -E  conftest.c
configure:4671: $? = 0
configure:4685: result: yes
configure:4718: checking for termios.h
configure:4726: result: yes
configure:4609: checking time.h usability
configure:4626: gcc -std=gnu99 -c -g -O2  conftest.c >&5
configure:4632: $? = 0
configure:4646: result: yes
configure:4650: checking time.h presence
configure:4665: gcc -std=gnu99 -E  conftest.c
configure:4671: $? = 0
configure:4685: result: yes
configure:4718: checking for time.h
configure:4726: result: yes
configure:4599: checking for unistd.h
configure:4605: result: yes
configure:4741: checking for an ANSI C-conforming const
configure:4816: gcc -std=gnu99 -c -g -O2  conftest.c >&5
configure:4822: $? = 0
configure:4837: result: yes
configure:4847: checking for off_t
configure:4877: gcc -std=gnu99 -c -g -O2  conftest.c >&5
configure:4883: $? = 0
configure:4898: result: yes
configure:4910: checking for size_t
configure:4940: gcc -std=gnu99 -c -g -O2  conftest.c >&5
configure:4946: $? = 0
configure:4961: result: yes
configure:4973: checking whether struct tm is in sys/time.h or time.h
configure:5003: gcc -std=gnu99 -c -g -O2  conftest.c >&5
configure:5009: $? = 0
configure:5024: result: time.h
configure:5036: checking whether closedir returns void
configure:5070: gcc -std=gnu99 -o conftest -g -O2   conftest.c  >&5
configure:5073: $? = 0
configure:5079: ./conftest
configure:5082: $? = 0
configure:5098: result: no
configure:5109: checking whether gcc -std=gnu99 needs -traditional
configure:5151: result: no
configure:5164: checking for stdlib.h
configure:5170: result: yes
configure:5164: checking for unistd.h
configure:5170: result: yes
configure:5308: checking for getpagesize
configure:5364: gcc -std=gnu99 -o conftest -g -O2   conftest.c  >&5
configure:5370: $? = 0
configure:5388: result: yes
configure:5398: checking for working mmap
configure:5545: gcc -std=gnu99 -o conftest -g -O2   conftest.c  >&5
configure:5548: $? = 0
configure:5554: ./conftest
configure:5557: $? = 0
configure:5573: result: yes
configure:5600: checking sys/select.h usability
configure:5617: gcc -std=gnu99 -c -g -O2  conftest.c >&5
configure:5623: $? = 0
configure:5637: result: yes
configure:5641: checking sys/select.h presence
configure:5656: gcc -std=gnu99 -E  conftest.c
configure:5662: $? = 0
configure:5676: result: yes
configure:5709: checking for sys/select.h
configure:5717: result: yes
configure:5590: checking for sys/socket.h
configure:5596: result: yes
configure:5730: checking types of arguments for select
configure:5768: gcc -std=gnu99 -c -g -O2  conftest.c >&5
configure:5774: $? = 0
configure:5795: result: int,fd_set *,struct timeval *
configure:5822: checking for strftime
configure:5878: gcc -std=gnu99 -o conftest -g -O2   conftest.c  >&5
conftest.c:78:6: warning: conflicting types for built-in function 'strftime' [enabled by default]
configure:5884: $? = 0
configure:5902: result: yes
configure:5987: checking for vprintf
configure:6043: gcc -std=gnu99 -o conftest -g -O2   conftest.c  >&5
conftest.c:79:6: warning: conflicting types for built-in function 'vprintf' [enabled by default]
configure:6049: $? = 0
configure:6067: result: yes
configure:6074: checking for _doprnt
configure:6130: gcc -std=gnu99 -o conftest -g -O2   conftest.c  >&5
/tmp/ccFNeJ1r.o: In function `main':
/tmp/agedu-r9723/conftest.c:91: undefined reference to `_doprnt'
collect2: error: ld returned 1 exit status
configure:6136: $? = 1
configure: failed program was:
| /* confdefs.h.  */
| #define PACKAGE_NAME "agedu"
| #define PACKAGE_TARNAME "agedu"
| #define PACKAGE_VERSION "r9723"
| #define PACKAGE_STRING "agedu r9723"
| #define PACKAGE_BUGREPORT "anakin@pobox.com"
| #define PACKAGE "agedu"
| #define VERSION "r9723"
| #define HAVE_DIRENT_H 1
| #define STDC_HEADERS 1
| #define HAVE_SYS_WAIT_H 1
| #define HAVE_SYS_TYPES_H 1
| #define HAVE_SYS_STAT_H 1
| #define HAVE_STDLIB_H 1
| #define HAVE_STRING_H 1
| #define HAVE_MEMORY_H 1
| #define HAVE_STRINGS_H 1
| #define HAVE_INTTYPES_H 1
| #define HAVE_STDINT_H 1
| #define HAVE_UNISTD_H 1
| #define HAVE_ASSERT_H 1
| #define HAVE_ARPA_INET_H 1
| #define HAVE_CTYPE_H 1
| #define HAVE_ERRNO_H 1
| #define HAVE_FCNTL_H 1
| #define HAVE_FEATURES_H 1
| #define HAVE_FNMATCH_H 1
| #define HAVE_LIMITS_H 1
| #define HAVE_NETDB_H 1
| #define HAVE_NETINET_IN_H 1
| #define HAVE_PWD_H 1
| #define HAVE_STDARG_H 1
| #define HAVE_STDDEF_H 1
| #define HAVE_STDINT_H 1
| #define HAVE_STDIO_H 1
| #define HAVE_STDLIB_H 1
| #define HAVE_STRING_H 1
| #define HAVE_SYS_IOCTL_H 1
| #define HAVE_SYS_MMAN_H 1
| #define HAVE_SYS_SOCKET_H 1
| #define HAVE_SYSLOG_H 1
| #define HAVE_TERMIOS_H 1
| #define HAVE_TIME_H 1
| #define HAVE_UNISTD_H 1
| #define HAVE_STDLIB_H 1
| #define HAVE_UNISTD_H 1
| #define HAVE_GETPAGESIZE 1
| #define HAVE_MMAP 1
| #define HAVE_SYS_SELECT_H 1
| #define HAVE_SYS_SOCKET_H 1
| #define SELECT_TYPE_ARG1 int
| #define SELECT_TYPE_ARG234 (fd_set *)
| #define SELECT_TYPE_ARG5 (struct timeval *)
| #define HAVE_STRFTIME 1
| #define HAVE_VPRINTF 1
| /* end confdefs.h.  */
| /* Define _doprnt to an innocuous variant, in case <limits.h> declares _doprnt.
|    For example, HP-UX 11i <limits.h> declares gettimeofday.  */
| #define _doprnt innocuous__doprnt
| 
| /* System header to define __stub macros and hopefully few prototypes,
|     which can conflict with char _doprnt (); below.
|     Prefer <limits.h> to <assert.h> if __STDC__ is defined, since
|     <limits.h> exists even on freestanding compilers.  */
| 
| #ifdef __STDC__
| # include <limits.h>
| #else
| # include <assert.h>
| #endif
| 
| #undef _doprnt
| 
| /* Override any GCC internal prototype to avoid an error.
|    Use char because int might match the return type of a GCC
|    builtin and then its argument prototype would still apply.  */
| #ifdef __cplusplus
| extern "C"
| #endif
| char _doprnt ();
| /* The GNU C library defines this for functions which it implements
|     to always fail with ENOSYS.  Some functions are actually named
|     something starting with __ and the normal name is an alias.  */
| #if defined __stub__doprnt || defined __stub____doprnt
| choke me
| #endif
| 
| int
| main ()
| {
| return _doprnt ();
|   ;
|   return 0;
| }
configure:6153: result: no
configure:6168: checking for library containing connect
configure:6209: gcc -std=gnu99 -o conftest -g -O2   conftest.c  >&5
configure:6215: $? = 0
configure:6243: result: none required
configure:6251: checking for library containing inet_ntoa
configure:6292: gcc -std=gnu99 -o conftest -g -O2   conftest.c  >&5
configure:6298: $? = 0
configure:6326: result: none required
configure:6334: checking for library containing inet_addr
configure:6375: gcc -std=gnu99 -o conftest -g -O2   conftest.c  >&5
configure:6381: $? = 0
configure:6409: result: none required
configure:6417: checking for library containing gethostbyname
configure:6458: gcc -std=gnu99 -o conftest -g -O2   conftest.c  >&5
configure:6464: $? = 0
configure:6492: result: none required
configure:6500: checking for library containing getaddrinfo
configure:6541: gcc -std=gnu99 -o conftest -g -O2   conftest.c  >&5
configure:6547: $? = 0
configure:6575: result: none required
configure:6608: checking for ftruncate
configure:6664: gcc -std=gnu99 -o conftest -g -O2   conftest.c  >&5
configure:6670: $? = 0
configure:6688: result: yes
configure:6608: checking for fdopendir
configure:6664: gcc -std=gnu99 -o conftest -g -O2   conftest.c  >&5
configure:6670: $? = 0
configure:6688: result: yes
configure:6608: checking for lstat64
configure:6664: gcc -std=gnu99 -o conftest -g -O2   conftest.c  >&5
configure:6670: $? = 0
configure:6688: result: yes
configure:6608: checking for stat64
configure:6664: gcc -std=gnu99 -o conftest -g -O2   conftest.c  >&5
configure:6670: $? = 0
configure:6688: result: yes
configure:6608: checking for memchr
configure:6664: gcc -std=gnu99 -o conftest -g -O2   conftest.c  >&5
conftest.c:84:6: warning: conflicting types for built-in function 'memchr' [enabled by default]
configure:6670: $? = 0
configure:6688: result: yes
configure:6608: checking for munmap
configure:6664: gcc -std=gnu99 -o conftest -g -O2   conftest.c  >&5
configure:6670: $? = 0
configure:6688: result: yes
configure:6608: checking for select
configure:6664: gcc -std=gnu99 -o conftest -g -O2   conftest.c  >&5
configure:6670: $? = 0
configure:6688: result: yes
configure:6608: checking for socket
configure:6664: gcc -std=gnu99 -o conftest -g -O2   conftest.c  >&5
configure:6670: $? = 0
configure:6688: result: yes
configure:6608: checking for strcasecmp
configure:6664: gcc -std=gnu99 -o conftest -g -O2   conftest.c  >&5
conftest.c:88:6: warning: conflicting types for built-in function 'strcasecmp' [enabled by default]
configure:6670: $? = 0
configure:6688: result: yes
configure:6608: checking for strchr
configure:6664: gcc -std=gnu99 -o conftest -g -O2   conftest.c  >&5
conftest.c:89:6: warning: conflicting types for built-in function 'strchr' [enabled by default]
configure:6670: $? = 0
configure:6688: result: yes
configure:6608: checking for strcspn
configure:6664: gcc -std=gnu99 -o conftest -g -O2   conftest.c  >&5
conftest.c:90:6: warning: conflicting types for built-in function 'strcspn' [enabled by default]
configure:6670: $? = 0
configure:6688: result: yes
configure:6608: checking for strerror
configure:6664: gcc -std=gnu99 -o conftest -g -O2   conftest.c  >&5
configure:6670: $? = 0
configure:6688: result: yes
configure:6608: checking for strrchr
configure:6664: gcc -std=gnu99 -o conftest -g -O2   conftest.c  >&5
conftest.c:92:6: warning: conflicting types for built-in function 'strrchr' [enabled by default]
configure:6670: $? = 0
configure:6688: result: yes
configure:6608: checking for strspn
configure:6664: gcc -std=gnu99 -o conftest -g -O2   conftest.c  >&5
conftest.c:93:6: warning: conflicting types for built-in function 'strspn' [enabled by default]
configure:6670: $? = 0
configure:6688: result: yes
configure:6608: checking for strtoul
configure:6664: gcc -std=gnu99 -o conftest -g -O2   conftest.c  >&5
configure:6670: $? = 0
configure:6688: result: yes
configure:6608: checking for strtoull
configure:6664: gcc -std=gnu99 -o conftest -g -O2   conftest.c  >&5
configure:6670: $? = 0
configure:6688: result: yes
configure:6608: checking for connect
configure:6664: gcc -std=gnu99 -o conftest -g -O2   conftest.c  >&5
configure:6670: $? = 0
configure:6688: result: yes
configure:6608: checking for inet_ntoa
configure:6664: gcc -std=gnu99 -o conftest -g -O2   conftest.c  >&5
configure:6670: $? = 0
configure:6688: result: yes
configure:6608: checking for inet_addr
configure:6664: gcc -std=gnu99 -o conftest -g -O2   conftest.c  >&5
configure:6670: $? = 0
configure:6688: result: yes
configure:6608: checking for gethostbyname
configure:6664: gcc -std=gnu99 -o conftest -g -O2   conftest.c  >&5
configure:6670: $? = 0
configure:6688: result: yes
configure:6608: checking for getaddrinfo
configure:6664: gcc -std=gnu99 -o conftest -g -O2   conftest.c  >&5
configure:6670: $? = 0
configure:6688: result: yes
configure:6851: creating ./config.status

## ---------------------- ##
## Running config.status. ##
## ---------------------- ##

This file was extended by agedu config.status r9723, which was
generated by GNU Autoconf 2.61.  Invocation command line was

  CONFIG_FILES    = 
  CONFIG_HEADERS  = 
  CONFIG_LINKS    = 
  CONFIG_COMMANDS = 
  $ ./config.status 

on sfu-desktop100

config.status:636: creating Makefile
config.status:636: creating config.h
config.status:968: executing depfiles commands

## ---------------- ##
## Cache variables. ##
## ---------------- ##

ac_cv_c_compiler_gnu=yes
ac_cv_c_const=yes
ac_cv_env_CC_set=
ac_cv_env_CC_value=
ac_cv_env_CFLAGS_set=
ac_cv_env_CFLAGS_value=
ac_cv_env_CPPFLAGS_set=
ac_cv_env_CPPFLAGS_value=
ac_cv_env_CPP_set=
ac_cv_env_CPP_value=
ac_cv_env_LDFLAGS_set=
ac_cv_env_LDFLAGS_value=
ac_cv_env_LIBS_set=
ac_cv_env_LIBS_value=
ac_cv_env_build_alias_set=
ac_cv_env_build_alias_value=
ac_cv_env_host_alias_set=
ac_cv_env_host_alias_value=
ac_cv_env_target_alias_set=
ac_cv_env_target_alias_value=
ac_cv_func__doprnt=no
ac_cv_func_closedir_void=no
ac_cv_func_connect=yes
ac_cv_func_fdopendir=yes
ac_cv_func_ftruncate=yes
ac_cv_func_getaddrinfo=yes
ac_cv_func_gethostbyname=yes
ac_cv_func_getpagesize=yes
ac_cv_func_inet_addr=yes
ac_cv_func_inet_ntoa=yes
ac_cv_func_lstat64=yes
ac_cv_func_memchr=yes
ac_cv_func_mmap_fixed_mapped=yes
ac_cv_func_munmap=yes
ac_cv_func_select=yes
ac_cv_func_select_args='int,fd_set *,struct timeval *'
ac_cv_func_socket=yes
ac_cv_func_stat64=yes
ac_cv_func_strcasecmp=yes
ac_cv_func_strchr=yes
ac_cv_func_strcspn=yes
ac_cv_func_strerror=yes
ac_cv_func_strftime=yes
ac_cv_func_strrchr=yes
ac_cv_func_strspn=yes
ac_cv_func_strtoul=yes
ac_cv_func_strtoull=yes
ac_cv_func_vprintf=yes
ac_cv_header_arpa_inet_h=yes
ac_cv_header_assert_h=yes
ac_cv_header_ctype_h=yes
ac_cv_header_dirent_dirent_h=yes
ac_cv_header_errno_h=yes
ac_cv_header_fcntl_h=yes
ac_cv_header_features_h=yes
ac_cv_header_fnmatch_h=yes
ac_cv_header_inttypes_h=yes
ac_cv_header_limits_h=yes
ac_cv_header_memory_h=yes
ac_cv_header_netdb_h=yes
ac_cv_header_netinet_in_h=yes
ac_cv_header_pwd_h=yes
ac_cv_header_stdarg_h=yes
ac_cv_header_stdc=yes
ac_cv_header_stddef_h=yes
ac_cv_header_stdint_h=yes
ac_cv_header_stdio_h=yes
ac_cv_header_stdlib_h=yes
ac_cv_header_string_h=yes
ac_cv_header_strings_h=yes
ac_cv_header_sys_ioctl_h=yes
ac_cv_header_sys_mman_h=yes
ac_cv_header_sys_select_h=yes
ac_cv_header_sys_socket_h=yes
ac_cv_header_sys_stat_h=yes
ac_cv_header_sys_types_h=yes
ac_cv_header_sys_wait_h=yes
ac_cv_header_syslog_h=yes
ac_cv_header_termios_h=yes
ac_cv_header_time_h=yes
ac_cv_header_unistd_h=yes
ac_cv_objext=o
ac_cv_path_EGREP='/usr/bin/grep -E'
ac_cv_path_GREP=/usr/bin/grep
ac_cv_path_install='/usr/bin/install -c'
ac_cv_prog_AWK=gawk
ac_cv_prog_CPP='gcc -std=gnu99 -E'
ac_cv_prog_HALIBUT=no
ac_cv_prog_ac_ct_CC=gcc
ac_cv_prog_cc_c89=
ac_cv_prog_cc_c99=-std=gnu99
ac_cv_prog_cc_g=yes
ac_cv_prog_gcc_traditional=no
ac_cv_prog_make_make_set=yes
ac_cv_search_connect='none required'
ac_cv_search_getaddrinfo='none required'
ac_cv_search_gethostbyname='none required'
ac_cv_search_inet_addr='none required'
ac_cv_search_inet_ntoa='none required'
ac_cv_search_opendir='none required'
ac_cv_struct_tm=time.h
ac_cv_type_off_t=yes
ac_cv_type_size_t=yes
am_cv_CC_dependencies_compiler_type=gcc3

## ----------------- ##
## Output variables. ##
## ----------------- ##

ACLOCAL='${SHELL} /tmp/agedu-r9723/missing --run aclocal-1.9'
AMDEPBACKSLASH='\'
AMDEP_FALSE='#'
AMDEP_TRUE=''
AMTAR='${SHELL} /tmp/agedu-r9723/missing --run tar'
AUTOCONF='${SHELL} /tmp/agedu-r9723/missing --run autoconf'
AUTOHEADER='${SHELL} /tmp/agedu-r9723/missing --run autoheader'
AUTOMAKE='${SHELL} /tmp/agedu-r9723/missing --run automake-1.9'
AWK='gawk'
CC='gcc -std=gnu99'
CCDEPMODE='depmode=gcc3'
CFLAGS='-g -O2'
CPP='gcc -std=gnu99 -E'
CPPFLAGS=''
CYGPATH_W='echo'
DEFS='-DHAVE_CONFIG_H'
DEPDIR='.deps'
ECHO_C=''
ECHO_N='-n'
ECHO_T=''
EGREP='/usr/bin/grep -E'
EXEEXT=''
GREP='/usr/bin/grep'
HALIBUT='no'
HAVE_HALIBUT_FALSE=''
HAVE_HALIBUT_TRUE='#'
INSTALL_DATA='${INSTALL} -m 644'
INSTALL_PROGRAM='${INSTALL}'
INSTALL_SCRIPT='${INSTALL}'
INSTALL_STRIP_PROGRAM='${SHELL} $(install_sh) -c -s'
LDFLAGS=''
LIBOBJS=''
LIBS=''
LTLIBOBJS=''
MAKEINFO='${SHELL} /tmp/agedu-r9723/missing --run makeinfo'
OBJEXT='o'
PACKAGE='agedu'
PACKAGE_BUGREPORT='anakin@pobox.com'
PACKAGE_NAME='agedu'
PACKAGE_STRING='agedu r9723'
PACKAGE_TARNAME='agedu'
PACKAGE_VERSION='r9723'
PATH_SEPARATOR=':'
SET_MAKE=''
SHELL='/bin/sh'
STRIP=''
VERSION='r9723'
ac_ct_CC='gcc'
am__fastdepCC_FALSE='#'
am__fastdepCC_TRUE=''
am__include='include'
am__leading_dot='.'
am__quote=''
am__tar='${AMTAR} chof - "$$tardir"'
am__untar='${AMTAR} xf -'
bindir='${exec_prefix}/bin'
build_alias=''
datadir='${datarootdir}'
datarootdir='${prefix}/share'
docdir='${datarootdir}/doc/${PACKAGE_TARNAME}'
dvidir='${docdir}'
exec_prefix='${prefix}'
host_alias=''
htmldir='${docdir}'
includedir='${prefix}/include'
infodir='${datarootdir}/info'
install_sh='/tmp/agedu-r9723/install-sh'
libdir='${exec_prefix}/lib'
libexecdir='${exec_prefix}/libexec'
localedir='${datarootdir}/locale'
localstatedir='${prefix}/var'
mandir='${datarootdir}/man'
mkdir_p='mkdir -p --'
oldincludedir='/usr/include'
pdfdir='${docdir}'
prefix='/usr'
program_transform_name='s,x,x,'
psdir='${docdir}'
sbindir='${exec_prefix}/sbin'
sharedstatedir='${prefix}/com'
sysconfdir='${prefix}/etc'
target_alias=''

## ----------- ##
## confdefs.h. ##
## ----------- ##

#define PACKAGE_NAME "agedu"
#define PACKAGE_TARNAME "agedu"
#define PACKAGE_VERSION "r9723"
#define PACKAGE_STRING "agedu r9723"
#define PACKAGE_BUGREPORT "anakin@pobox.com"
#define PACKAGE "agedu"
#define VERSION "r9723"
#define HAVE_DIRENT_H 1
#define STDC_HEADERS 1
#define HAVE_SYS_WAIT_H 1
#define HAVE_SYS_TYPES_H 1
#define HAVE_SYS_STAT_H 1
#define HAVE_STDLIB_H 1
#define HAVE_STRING_H 1
#define HAVE_MEMORY_H 1
#define HAVE_STRINGS_H 1
#define HAVE_INTTYPES_H 1
#define HAVE_STDINT_H 1
#define HAVE_UNISTD_H 1
#define HAVE_ASSERT_H 1
#define HAVE_ARPA_INET_H 1
#define HAVE_CTYPE_H 1
#define HAVE_ERRNO_H 1
#define HAVE_FCNTL_H 1
#define HAVE_FEATURES_H 1
#define HAVE_FNMATCH_H 1
#define HAVE_LIMITS_H 1
#define HAVE_NETDB_H 1
#define HAVE_NETINET_IN_H 1
#define HAVE_PWD_H 1
#define HAVE_STDARG_H 1
#define HAVE_STDDEF_H 1
#define HAVE_STDINT_H 1
#define HAVE_STDIO_H 1
#define HAVE_STDLIB_H 1
#define HAVE_STRING_H 1
#define HAVE_SYS_IOCTL_H 1
#define HAVE_SYS_MMAN_H 1
#define HAVE_SYS_SOCKET_H 1
#define HAVE_SYSLOG_H 1
#define HAVE_TERMIOS_H 1
#define HAVE_TIME_H 1
#define HAVE_UNISTD_H 1
#define HAVE_STDLIB_H 1
#define HAVE_UNISTD_H 1
#define HAVE_GETPAGESIZE 1
#define HAVE_MMAP 1
#define HAVE_SYS_SELECT_H 1
#define HAVE_SYS_SOCKET_H 1
#define SELECT_TYPE_ARG1 int
#define SELECT_TYPE_ARG234 (fd_set *)
#define SELECT_TYPE_ARG5 (struct timeval *)
#define HAVE_STRFTIME 1
#define HAVE_VPRINTF 1
#define HAVE_FTRUNCATE 1
#define HAVE_FDOPENDIR 1
#define HAVE_LSTAT64 1
#define HAVE_STAT64 1
#define HAVE_MEMCHR 1
#define HAVE_MUNMAP 1
#define HAVE_SELECT 1
#define HAVE_SOCKET 1
#define HAVE_STRCASECMP 1
#define HAVE_STRCHR 1
#define HAVE_STRCSPN 1
#define HAVE_STRERROR 1
#define HAVE_STRRCHR 1
#define HAVE_STRSPN 1
#define HAVE_STRTOUL 1
#define HAVE_STRTOULL 1
#define HAVE_CONNECT 1
#define HAVE_INET_NTOA 1
#define HAVE_INET_ADDR 1
#define HAVE_GETHOSTBYNAME 1
#define HAVE_GETADDRINFO 1

configure: exit 0
